<?xml version="1.0" encoding="UTF-8"?>
<testsuite xmlns:xsi="http://www.w3.org/2001/XMLSchema-instance" xsi:noNamespaceSchemaLocation="https://maven.apache.org/surefire/maven-surefire-plugin/xsd/surefire-test-report-3.0.xsd" version="3.0" name="dbhandler.DataBaseTest" time="0.03" tests="7" errors="0" skipped="0" failures="0">
  <properties>
[...]
</properties>
  <testcase name="testLog" classname="dbhandler.DataBaseTest" time="0.017"/>
  <testcase name="testTeam" classname="dbhandler.DataBaseTest" time="0"/>
  <testcase name="testUser" classname="dbhandler.DataBaseTest" time="0"/>
  <testcase name="testInitialize" classname="dbhandler.DataBaseTest" time="0"/>
  <testcase name="testLeagueSeasonController" classname="dbhandler.DataBaseTest" time="0.012"/>
  <testcase name="testReferee" classname="dbhandler.DataBaseTest" time="0.001"/>
  <testcase name="testLeague" classname="dbhandler.DataBaseTest" time="0"/>
</testsuite>